[28-Apr-2019 14:20:30 UTC] PHP Fatal error:  Uncaught Error: Call to undefined function base_url() in C:\Winginx\home\autofin\public_html\autofin\index.php:10
Stack trace:
#0 {main}
  thrown in C:\Winginx\home\autofin\public_html\autofin\index.php on line 10
[28-Apr-2019 14:20:36 UTC] PHP Fatal error:  Uncaught Error: Call to undefined function base_url() in C:\Winginx\home\autofin\public_html\autofin\index.php:10
Stack trace:
#0 {main}
  thrown in C:\Winginx\home\autofin\public_html\autofin\index.php on line 10
[28-Apr-2019 14:20:54 UTC] PHP Fatal error:  Uncaught Error: Call to undefined function base_url() in C:\Winginx\home\autofin\public_html\autofin\index.php:10
Stack trace:
#0 {main}
  thrown in C:\Winginx\home\autofin\public_html\autofin\index.php on line 10
[28-Apr-2019 14:21:25 UTC] PHP Fatal error:  Uncaught Error: Call to undefined function base_url() in C:\Winginx\home\autofin\public_html\autofin\index.php:10
Stack trace:
#0 {main}
  thrown in C:\Winginx\home\autofin\public_html\autofin\index.php on line 10
[28-Apr-2019 14:21:32 UTC] PHP Fatal error:  Uncaught Error: Call to undefined function base_url() in C:\Winginx\home\autofin\public_html\autofin\index.php:10
Stack trace:
#0 {main}
  thrown in C:\Winginx\home\autofin\public_html\autofin\index.php on line 10
[28-Apr-2019 14:21:36 UTC] PHP Fatal error:  Uncaught Error: Call to undefined function base_url() in C:\Winginx\home\autofin\public_html\autofin\index.php:10
Stack trace:
#0 {main}
  thrown in C:\Winginx\home\autofin\public_html\autofin\index.php on line 10
[28-Apr-2019 14:24:25 UTC] PHP Fatal error:  Uncaught Error: Call to undefined function base_url() in C:\Winginx\home\autofin\public_html\autofin\index.php:10
Stack trace:
#0 {main}
  thrown in C:\Winginx\home\autofin\public_html\autofin\index.php on line 10
[28-Apr-2019 14:25:20 UTC] PHP Fatal error:  Uncaught Error: Call to undefined function base_url() in C:\Winginx\home\autofin\public_html\autofin\index.php:10
Stack trace:
#0 {main}
  thrown in C:\Winginx\home\autofin\public_html\autofin\index.php on line 10
[28-Apr-2019 14:25:23 UTC] PHP Fatal error:  Uncaught Error: Call to undefined function base_url() in C:\Winginx\home\autofin\public_html\autofin\index.php:10
Stack trace:
#0 {main}
  thrown in C:\Winginx\home\autofin\public_html\autofin\index.php on line 10
[28-Apr-2019 14:25:24 UTC] PHP Fatal error:  Uncaught Error: Call to undefined function base_url() in C:\Winginx\home\autofin\public_html\autofin\index.php:10
Stack trace:
#0 {main}
  thrown in C:\Winginx\home\autofin\public_html\autofin\index.php on line 10
[28-Apr-2019 14:25:25 UTC] PHP Fatal error:  Uncaught Error: Call to undefined function base_url() in C:\Winginx\home\autofin\public_html\autofin\index.php:10
Stack trace:
#0 {main}
  thrown in C:\Winginx\home\autofin\public_html\autofin\index.php on line 10
[28-Apr-2019 14:25:25 UTC] PHP Fatal error:  Uncaught Error: Call to undefined function base_url() in C:\Winginx\home\autofin\public_html\autofin\index.php:10
Stack trace:
#0 {main}
  thrown in C:\Winginx\home\autofin\public_html\autofin\index.php on line 10
[28-Apr-2019 14:25:44 UTC] PHP Fatal error:  Uncaught Error: Call to undefined function base_url() in C:\Winginx\home\autofin\public_html\autofin\index.php:10
Stack trace:
#0 {main}
  thrown in C:\Winginx\home\autofin\public_html\autofin\index.php on line 10
[28-Apr-2019 14:25:48 UTC] PHP Fatal error:  Uncaught Error: Call to undefined function base_url() in C:\Winginx\home\autofin\public_html\autofin\index.php:10
Stack trace:
#0 {main}
  thrown in C:\Winginx\home\autofin\public_html\autofin\index.php on line 10
[28-Apr-2019 14:25:53 UTC] PHP Fatal error:  Uncaught Error: Call to undefined function base_url() in C:\Winginx\home\autofin\public_html\autofin\index.php:10
Stack trace:
#0 {main}
  thrown in C:\Winginx\home\autofin\public_html\autofin\index.php on line 10
[28-Apr-2019 14:26:01 UTC] PHP Fatal error:  Uncaught Error: Call to undefined function base_url() in C:\Winginx\home\autofin\public_html\autofin\index.php:10
Stack trace:
#0 {main}
  thrown in C:\Winginx\home\autofin\public_html\autofin\index.php on line 10
[28-Apr-2019 14:26:07 UTC] PHP Fatal error:  Uncaught Error: Call to undefined function base_url() in C:\Winginx\home\autofin\public_html\autofin\index.php:10
Stack trace:
#0 {main}
  thrown in C:\Winginx\home\autofin\public_html\autofin\index.php on line 10
[28-Apr-2019 14:26:09 UTC] PHP Fatal error:  Uncaught Error: Call to undefined function base_url() in C:\Winginx\home\autofin\public_html\autofin\index.php:10
Stack trace:
#0 {main}
  thrown in C:\Winginx\home\autofin\public_html\autofin\index.php on line 10
[28-Apr-2019 14:35:52 UTC] PHP Fatal error:  Uncaught Error: Call to undefined function base_url() in C:\Winginx\home\autofin\public_html\autofin\index.php:10
Stack trace:
#0 {main}
  thrown in C:\Winginx\home\autofin\public_html\autofin\index.php on line 10
[28-Apr-2019 14:36:08 UTC] PHP Fatal error:  Uncaught Error: Call to undefined function base_url() in C:\Winginx\home\autofin\public_html\autofin\index.php:10
Stack trace:
#0 {main}
  thrown in C:\Winginx\home\autofin\public_html\autofin\index.php on line 10
[28-Apr-2019 14:36:10 UTC] PHP Fatal error:  Uncaught Error: Call to undefined function base_url() in C:\Winginx\home\autofin\public_html\autofin\index.php:10
Stack trace:
#0 {main}
  thrown in C:\Winginx\home\autofin\public_html\autofin\index.php on line 10
[28-Apr-2019 14:36:32 UTC] PHP Fatal error:  Uncaught Error: Call to undefined function base_url() in C:\Winginx\home\autofin\public_html\autofin\index.php:10
Stack trace:
#0 {main}
  thrown in C:\Winginx\home\autofin\public_html\autofin\index.php on line 10
[28-Apr-2019 14:36:56 UTC] PHP Fatal error:  Uncaught Error: Call to undefined function base_url() in C:\Winginx\home\autofin\public_html\autofin\index.php:11
Stack trace:
#0 {main}
  thrown in C:\Winginx\home\autofin\public_html\autofin\index.php on line 11
[28-Apr-2019 14:36:57 UTC] PHP Fatal error:  Uncaught Error: Call to undefined function base_url() in C:\Winginx\home\autofin\public_html\autofin\index.php:11
Stack trace:
#0 {main}
  thrown in C:\Winginx\home\autofin\public_html\autofin\index.php on line 11
[28-Apr-2019 14:37:17 UTC] PHP Fatal error:  Uncaught Error: Call to undefined function base_url() in C:\Winginx\home\autofin\public_html\autofin\index.php:11
Stack trace:
#0 {main}
  thrown in C:\Winginx\home\autofin\public_html\autofin\index.php on line 11
[28-Apr-2019 14:37:18 UTC] PHP Fatal error:  Uncaught Error: Call to undefined function base_url() in C:\Winginx\home\autofin\public_html\autofin\index.php:11
Stack trace:
#0 {main}
  thrown in C:\Winginx\home\autofin\public_html\autofin\index.php on line 11
[28-Apr-2019 14:37:18 UTC] PHP Fatal error:  Uncaught Error: Call to undefined function base_url() in C:\Winginx\home\autofin\public_html\autofin\index.php:11
Stack trace:
#0 {main}
  thrown in C:\Winginx\home\autofin\public_html\autofin\index.php on line 11
[28-Apr-2019 14:37:19 UTC] PHP Fatal error:  Uncaught Error: Call to undefined function base_url() in C:\Winginx\home\autofin\public_html\autofin\index.php:11
Stack trace:
#0 {main}
  thrown in C:\Winginx\home\autofin\public_html\autofin\index.php on line 11
[28-Apr-2019 14:42:16 UTC] PHP Fatal error:  Uncaught Error: Call to undefined function base_url() in C:\Winginx\home\autofin\public_html\autofin\index.php:11
Stack trace:
#0 {main}
  thrown in C:\Winginx\home\autofin\public_html\autofin\index.php on line 11
[28-Apr-2019 14:42:35 UTC] PHP Fatal error:  Uncaught Error: Call to undefined function base_url() in C:\Winginx\home\autofin\public_html\autofin\index.php:11
Stack trace:
#0 {main}
  thrown in C:\Winginx\home\autofin\public_html\autofin\index.php on line 11
[28-Apr-2019 14:43:05 UTC] PHP Fatal error:  Uncaught Error: Call to undefined function base_url() in C:\Winginx\home\autofin\public_html\autofin\index.php:11
Stack trace:
#0 {main}
  thrown in C:\Winginx\home\autofin\public_html\autofin\index.php on line 11
[28-Apr-2019 14:45:47 UTC] PHP Fatal error:  Uncaught Error: Call to undefined function base_url() in C:\Winginx\home\autofin\public_html\autofin\index.php:11
Stack trace:
#0 {main}
  thrown in C:\Winginx\home\autofin\public_html\autofin\index.php on line 11
[28-Apr-2019 14:45:56 UTC] PHP Fatal error:  Uncaught Error: Call to undefined function base_url() in C:\Winginx\home\autofin\public_html\autofin\index.php:11
Stack trace:
#0 {main}
  thrown in C:\Winginx\home\autofin\public_html\autofin\index.php on line 11
[28-Apr-2019 14:46:06 UTC] PHP Fatal error:  Uncaught Error: Call to undefined function base_url() in C:\Winginx\home\autofin\public_html\autofin\index.php:11
Stack trace:
#0 {main}
  thrown in C:\Winginx\home\autofin\public_html\autofin\index.php on line 11
[28-Apr-2019 14:47:34 UTC] PHP Fatal error:  Uncaught Error: Call to undefined function site_url() in C:\Winginx\home\autofin\public_html\autofin\index.php:11
Stack trace:
#0 {main}
  thrown in C:\Winginx\home\autofin\public_html\autofin\index.php on line 11
[03-May-2019 03:12:39 UTC] PHP Parse error:  syntax error, unexpected '?>' in C:\Winginx\home\autofin\public_html\autofin\index.php on line 49
[03-May-2019 03:12:47 UTC] PHP Parse error:  syntax error, unexpected '?>' in C:\Winginx\home\autofin\public_html\autofin\index.php on line 49
[03-May-2019 03:13:28 UTC] PHP Parse error:  syntax error, unexpected '?>' in C:\Winginx\home\autofin\public_html\autofin\index.php on line 49
[03-May-2019 03:14:09 UTC] PHP Parse error:  syntax error, unexpected '?>' in C:\Winginx\home\autofin\public_html\autofin\index.php on line 49
[04-May-2019 20:06:04 UTC] PHP Warning:  include(mi-autofingps.php): failed to open stream: No such file or directory in C:\Winginx\home\autofin\public_html\autofin\index.php on line 47
[04-May-2019 20:06:04 UTC] PHP Warning:  include(): Failed opening 'mi-autofingps.php' for inclusion (include_path='.;C:\php\pear') in C:\Winginx\home\autofin\public_html\autofin\index.php on line 47
[04-May-2019 20:06:40 UTC] PHP Warning:  include(mi-autofingps.php): failed to open stream: No such file or directory in C:\Winginx\home\autofin\public_html\autofin\index.php on line 47
[04-May-2019 20:06:40 UTC] PHP Warning:  include(): Failed opening 'mi-autofingps.php' for inclusion (include_path='.;C:\php\pear') in C:\Winginx\home\autofin\public_html\autofin\index.php on line 47
[04-May-2019 20:07:05 UTC] PHP Warning:  include(mi-autofingps.php): failed to open stream: No such file or directory in C:\Winginx\home\autofin\public_html\autofin\index.php on line 47
[04-May-2019 20:07:05 UTC] PHP Warning:  include(): Failed opening 'mi-autofingps.php' for inclusion (include_path='.;C:\php\pear') in C:\Winginx\home\autofin\public_html\autofin\index.php on line 47
